<?xml version='1.0' encoding='utf-8'?>
<testsuites name="cocotb tests"><testsuite name="tb_isa" errors="0" failures="0" skipped="0" tests="1" time="0.074" timestamp="2026-09-14T08:01:22.577795+00:00" hostname="Sukhoi-57"><testcase classname="tb_isa" name="test_isa" time="0.074"><properties><property name="cocotb" value="True" /><property name="random_seed" value="1789372882" /><property name="file" value="/mnt/d/8-bit-Microcontroller/tb/isa/tb_isa.py" /><property name="line" value="14" /><property name="sim_time_unit" value="ns" /><property name="sim_time_start" value="0.0" /><property name="sim_time_stop" value="1720.0" /><property name="sim_time_duration" value="1720.0" /><property name="sim_time_ratio" value="23221.111954555403" /></properties></testcase></testsuite></testsuites>