<?xml version='1.0' encoding='utf-8'?>
<testsuites name="cocotb tests"><testsuite name="tb_pipeline" errors="0" failures="0" skipped="0" tests="1" time="0.012" timestamp="2026-09-14T08:02:06.338545+00:00" hostname="Sukhoi-57"><testcase classname="tb_pipeline" name="test_pipeline" time="0.012"><properties><property name="cocotb" value="True" /><property name="random_seed" value="1789372926" /><property name="file" value="/mnt/d/8-bit-Microcontroller/tb/pipeline/tb_pipeline.py" /><property name="line" value="11" /><property name="sim_time_unit" value="ns" /><property name="sim_time_start" value="0.0" /><property name="sim_time_stop" value="200.0" /><property name="sim_time_duration" value="200.0" /><property name="sim_time_ratio" value="16308.503392277673" /></properties></testcase></testsuite></testsuites>