<?xml version='1.0' encoding='utf-8'?>
<testsuites name="cocotb tests"><testsuite name="tb_stress" errors="0" failures="0" skipped="0" tests="1" time="0.929" timestamp="2026-09-14T08:01:27.219769+00:00" hostname="Sukhoi-57"><testcase classname="tb_stress" name="test_stress" time="0.929"><properties><property name="cocotb" value="True" /><property name="random_seed" value="1789372886" /><property name="file" value="/mnt/d/8-bit-Microcontroller/tb/stress/tb_stress.py" /><property name="line" value="14" /><property name="sim_time_unit" value="ns" /><property name="sim_time_start" value="0.0" /><property name="sim_time_stop" value="40120.0" /><property name="sim_time_duration" value="40120.0" /><property name="sim_time_ratio" value="43175.26405698723" /></properties></testcase></testsuite></testsuites>