<?xml version='1.0' encoding='utf-8'?>
<testsuites name="cocotb tests"><testsuite name="tb_peripheral" errors="0" failures="0" skipped="0" tests="3" time="33.577" timestamp="2026-09-14T08:01:32.330501+00:00" hostname="Sukhoi-57"><testcase classname="tb_peripheral" name="test_peripheral" time="1.631"><properties><property name="cocotb" value="True" /><property name="random_seed" value="1789372890" /><property name="file" value="/mnt/d/8-bit-Microcontroller/tb/peripheral/tb_peripheral.py" /><property name="line" value="14" /><property name="sim_time_unit" value="ns" /><property name="sim_time_start" value="0.0" /><property name="sim_time_stop" value="74220.0" /><property name="sim_time_duration" value="74220.0" /><property name="sim_time_ratio" value="45498.07095044939" /></properties></testcase><testcase classname="tb_peripheral" name="test_pwm" time="0.106"><properties><property name="cocotb" value="True" /><property name="random_seed" value="1789372890" /><property name="file" value="/mnt/d/8-bit-Microcontroller/tb/peripheral/tb_peripheral.py" /><property name="line" value="76" /><property name="sim_time_unit" value="ns" /><property name="sim_time_start" value="74220.001" /><property name="sim_time_stop" value="79880.001" /><property name="sim_time_duration" value="5660.0" /><property name="sim_time_ratio" value="53438.90544734776" /></properties></testcase><testcase classname="tb_peripheral" name="test_wdt" time="31.840"><properties><property name="cocotb" value="True" /><property name="random_seed" value="1789372890" /><property name="file" value="/mnt/d/8-bit-Microcontroller/tb/peripheral/tb_peripheral.py" /><property name="line" value="118" /><property name="sim_time_unit" value="ns" /><property name="sim_time_start" value="79880.002" /><property name="sim_time_stop" value="1392520.002" /><property name="sim_time_duration" value="1312640.0" /><property name="sim_time_ratio" value="41226.09462316159" /></properties></testcase></testsuite></testsuites>