<?xml version='1.0' encoding='utf-8'?>
<testsuites name="cocotb tests"><testsuite name="tb_io" errors="0" failures="0" skipped="0" tests="1" time="0.028" timestamp="2026-09-14T08:01:24.412628+00:00" hostname="Sukhoi-57"><testcase classname="tb_io" name="test_io" time="0.028"><properties><property name="cocotb" value="True" /><property name="random_seed" value="1789372884" /><property name="file" value="/mnt/d/8-bit-Microcontroller/tb/io/tb_io.py" /><property name="line" value="14" /><property name="sim_time_unit" value="ns" /><property name="sim_time_start" value="0.0" /><property name="sim_time_stop" value="920.0" /><property name="sim_time_duration" value="920.0" /><property name="sim_time_ratio" value="33336.139125022455" /></properties></testcase></testsuite></testsuites>