<?xml version='1.0' encoding='utf-8'?>
<testsuites name="cocotb tests"><testsuite name="tb_func_design" errors="0" failures="0" skipped="0" tests="1" time="0.171" timestamp="2026-09-14T08:02:08.304032+00:00" hostname="Sukhoi-57"><testcase classname="tb_func_design" name="test_func_design" time="0.171"><properties><property name="cocotb" value="True" /><property name="random_seed" value="1789372927" /><property name="file" value="/mnt/d/8-bit-Microcontroller/tb/func_design/tb_func_design.py" /><property name="line" value="12" /><property name="sim_time_unit" value="ns" /><property name="sim_time_start" value="0.0" /><property name="sim_time_stop" value="6120.0" /><property name="sim_time_duration" value="6120.0" /><property name="sim_time_ratio" value="35779.59203045675" /></properties></testcase></testsuite></testsuites>