<?xml version='1.0' encoding='utf-8'?>
<testsuites name="cocotb tests"><testsuite name="tb_uvm" errors="0" failures="0" skipped="0" tests="1" time="0.051" timestamp="2026-09-14T08:01:28.909886+00:00" hostname="Sukhoi-57"><testcase classname="tb_uvm" name="test_uvm" time="0.051"><properties><property name="cocotb" value="True" /><property name="random_seed" value="1789372888" /><property name="file" value="/mnt/d/8-bit-Microcontroller/tb/uvm/tb_uvm.py" /><property name="line" value="43" /><property name="sim_time_unit" value="ns" /><property name="sim_time_start" value="0.0" /><property name="sim_time_stop" value="2080.0" /><property name="sim_time_duration" value="2080.0" /><property name="sim_time_ratio" value="41123.80443906601" /></properties></testcase></testsuite></testsuites>